<?xml version="1.0" encoding="UTF-8"?>
<!-- Generated by org.testng.reporters.JUnitReportReporter -->
<testsuite skipped="0" hostname="ConsolProject" name="testPackage.CreateProjectUsingTemplate" tests="1" failures="0" timestamp="30 Sep 2018 13:38:37 GMT" time="0.058" errors="0">
  <testcase name="TitleTest" time="0.058" classname="testPackage.CreateProjectUsingTemplate"/>
</testsuite> <!-- testPackage.CreateProjectUsingTemplate -->
